
> web@0.1.0 build
> next build

   ▲ Next.js 15.3.4

   Creating an optimized production build ...
 ✓ Compiled successfully in 0ms
   Linting and checking validity of types ...
   Collecting page data ...
   Generating static pages (0/4) ...
   Generating static pages (1/4) 
   Generating static pages (2/4) 
   Generating static pages (3/4) 
 ✓ Generating static pages (4/4)
   Finalizing page optimization ...
   Collecting build traces ...

Route (app)                                 Size  First Load JS
┌ ○ /                                    12.4 kB         114 kB
└ ○ /_not-found                            976 B         102 kB
+ First Load JS shared by all             101 kB
  ├ chunks/315-12168231254b405b.js       46.3 kB
  ├ chunks/87c73c54-59447aacbfeb91ad.js  53.2 kB
  └ other shared chunks (total)          1.95 kB


○  (Static)  prerendered as static content

npm notice 
npm notice New major version of npm available! 8.19.4 -> 11.4.2
npm notice Changelog: <https://github.com/npm/cli/releases/tag/v11.4.2>
npm notice Run `npm install -g npm@11.4.2` to update!
npm notice 
